<?xml version="1.0" encoding="UTF-8"?>
<!-- Generated by org.testng.reporters.JUnitReportReporter -->
<testsuite hostname="DESKTOP-TM4R4JK" failures="0" tests="1" name="test_case.TC_ChangePassword" time="0.863" errors="0" timestamp="25 Mar 2018 14:32:14 GMT" skipped="0">
  <testcase classname="test_case.TC_ChangePassword" name="ChangePassWord" time="0.863"/>
</testsuite> <!-- test_case.TC_ChangePassword -->
