<?xml version="1.0" encoding="UTF-8"?>
<!-- Generated by org.testng.reporters.JUnitReportReporter -->
<testsuite hostname="DESKTOP-TM4R4JK" failures="0" tests="1" name="test_case.TC_Profile" time="1.559" errors="0" timestamp="29 Mar 2018 17:46:49 GMT" skipped="0">
  <testcase classname="test_case.TC_Profile" name="ChangePassWord" time="1.559"/>
</testsuite> <!-- test_case.TC_Profile -->
