<?xml version="1.0" encoding="UTF-8"?>
<!-- Generated by org.testng.reporters.JUnitReportReporter -->
<testsuite hostname="DESKTOP-TM4R4JK" failures="0" tests="7" name="test_case.TC_ChangePassword" time="8.150" errors="0" timestamp="27 Mar 2018 16:01:31 GMT" skipped="0">
  <testcase classname="test_case.TC_ChangePassword" name="ChangePassWord" time="0.752"/>
  <testcase classname="test_case.TC_ChangePassword" name="ChangePassWord" time="0.849"/>
  <testcase classname="test_case.TC_ChangePassword" name="ChangePassWord" time="0.805"/>
  <testcase classname="test_case.TC_ChangePassword" name="ChangePassWord" time="0.911"/>
  <testcase classname="test_case.TC_ChangePassword" name="ChangePassWord" time="3.279"/>
  <testcase classname="test_case.TC_ChangePassword" name="ChangePassWord" time="0.762"/>
  <testcase classname="test_case.TC_ChangePassword" name="ChangePassWord" time="0.792"/>
</testsuite> <!-- test_case.TC_ChangePassword -->
