<?xml version="1.0" encoding="UTF-8"?>
<!-- Generated by org.testng.reporters.JUnitReportReporter -->
<testsuite hostname="DESKTOP-TM4R4JK" failures="0" tests="1" name="test_case.TC_Login" time="5.105" errors="0" timestamp="24 Mar 2018 14:47:59 GMT" skipped="0">
  <testcase classname="test_case.TC_Login" name="verifyUserCanLoginWithValidData" time="5.105"/>
</testsuite> <!-- test_case.TC_Login -->
