<?xml version="1.0" encoding="UTF-8"?>
<!-- Generated by org.testng.reporters.JUnitReportReporter -->
<testsuite hostname="DESKTOP-TM4R4JK" failures="0" tests="2" name="test_case.TC_ChangePassword" time="2.366" errors="0" timestamp="25 Mar 2018 03:58:36 GMT" skipped="0">
  <testcase classname="test_case.TC_ChangePassword" name="ChangePassWord" time="0.929"/>
  <testcase classname="test_case.TC_ChangePassword" name="ChangePassWord" time="1.437"/>
</testsuite> <!-- test_case.TC_ChangePassword -->
